Using pre-set license
Built from '2020.2/release' branch; Version is '2020.2.4f1 (becced5a802b) revision 12504301'; Using compiler version '192528614'; Build Type 'Release'
OS: 'Windows 10 Home; OS build 19043.1766; Version 2009; 64bit' Language: 'en' Physical Memory: 16317 MB
BatchMode: 1, IsHumanControllingUs: 0, StartBugReporterOnCrash: 0, Is64bit: 1, IsPro: 0

 COMMAND LINE ARGUMENTS:
C:\Program Files\Unity\Hub\Editor\2020.2.4f1\Editor\Unity.exe
-adb2
-batchMode
-noUpm
-name
AssetImportWorker0
-projectPath
D:/Unity Projects/TeachingProjects/TareqGeekEduProject/TareqTowerDefense
-logFile
Logs/AssetImportWorker0.log
-srvPort
61258
Successfully changed project path to: D:/Unity Projects/TeachingProjects/TareqGeekEduProject/TareqTowerDefense
D:/Unity Projects/TeachingProjects/TareqGeekEduProject/TareqTowerDefense
Using Asset Import Pipeline V2.
Refreshing native plugins compatible for Editor in 35.89 ms, found 1 plugins.
Preloading 0 native plugins for Editor in 0.00 ms.
Initialize engine version: 2020.2.4f1 (becced5a802b)
[Subsystems] Discovering subsystems at path C:/Program Files/Unity/Hub/Editor/2020.2.4f1/Editor/Data/Resources/UnitySubsystems
[Subsystems] Discovering subsystems at path D:/Unity Projects/TeachingProjects/TareqGeekEduProject/TareqTowerDefense/Assets
GfxDevice: creating device client; threaded=0
Direct3D:
    Version:  Direct3D 11.0 [level 11.1]
    Renderer: NVIDIA GeForce RTX 2060 SUPER (ID=0x1f06)
    Vendor:   
    VRAM:     8031 MB
    Driver:   30.0.14.7196
Initialize mono
Mono path[0] = 'C:/Program Files/Unity/Hub/Editor/2020.2.4f1/Editor/Data/Managed'
Mono path[1] = 'C:/Program Files/Unity/Hub/Editor/2020.2.4f1/Editor/Data/MonoBleedingEdge/lib/mono/unityjit'
Mono config path = 'C:/Program Files/Unity/Hub/Editor/2020.2.4f1/Editor/Data/MonoBleedingEdge/etc'
Using monoOptions --debugger-agent=transport=dt_socket,embedding=1,server=y,suspend=n,address=127.0.0.1:56224
Begin MonoManager ReloadAssembly
Registering precompiled unity dll's ...
Register platform support module: C:/Program Files/Unity/Hub/Editor/2020.2.4f1/Editor/Data/PlaybackEngines/WebGLSupport/UnityEditor.WebGL.Extensions.dll
Register platform support module: C:/Program Files/Unity/Hub/Editor/2020.2.4f1/Editor/Data/PlaybackEngines/WindowsStandaloneSupport/UnityEditor.WindowsStandalone.Extensions.dll
Registered in 0.003008 seconds.
Native extension for WindowsStandalone target not found
Native extension for WebGL target not found
Refreshing native plugins compatible for Editor in 37.36 ms, found 1 plugins.
Preloading 0 native plugins for Editor in 0.00 ms.
Invoked RoslynAnalysisRunner static constructor.
RoslynAnalysisRunner will not be running.
RoslynAnalysisRunner has terminated.
Mono: successfully reloaded assembly
- Completed reload, in  2.342 seconds
Platform modules already initialized, skipping
Registering precompiled user dll's ...
Registered in 0.000924 seconds.
Begin MonoManager ReloadAssembly
Native extension for WindowsStandalone target not found
Native extension for WebGL target not found
Refreshing native plugins compatible for Editor in 45.77 ms, found 1 plugins.
Preloading 0 native plugins for Editor in 0.00 ms.
Invoked RoslynAnalysisRunner static constructor.
RoslynAnalysisRunner will not be running.
RoslynAnalysisRunner has terminated.
Mono: successfully reloaded assembly
- Completed reload, in  1.030 seconds
Platform modules already initialized, skipping
========================================================================
Worker process is ready to serve import requests
Launched and connected shader compiler UnityShaderCompiler.exe after 0.20 seconds
Refreshing native plugins compatible for Editor in 0.54 ms, found 1 plugins.
Preloading 0 native plugins for Editor in 0.00 ms.
Unloading 1806 Unused Serialized files (Serialized files now loaded: 0)
System memory in use before: 84.6 MB.
System memory in use after: 84.6 MB.

Unloading 24 unused Assets to reduce memory usage. Loaded Objects now: 2249.
Total: 4.963500 ms (FindLiveObjects: 1.579700 ms CreateObjectMapping: 0.144600 ms MarkObjects: 2.991300 ms  DeleteObjects: 0.243600 ms)

========================================================================
Received Import Request.
  path: Assets/Scripts/Projectile.cs
  artifactKey: Guid(5de80a905bca90e4c9197c5246792d80) Importer(815301076,1909f56bfc062723c751e8b465ee728b)
Start importing Assets/Scripts/Projectile.cs using Guid(5de80a905bca90e4c9197c5246792d80) Importer(815301076,1909f56bfc062723c751e8b465ee728b)  -> (artifact id: 'a71491a2753df45a321ed45c27f679d9') in 0.031124 seconds
  Import took 0.063457 seconds .

========================================================================
Received Prepare
Registering precompiled user dll's ...
Registered in 0.001300 seconds.
Begin MonoManager ReloadAssembly
Native extension for WindowsStandalone target not found
Native extension for WebGL target not found
Refreshing native plugins compatible for Editor in 0.46 ms, found 1 plugins.
Preloading 0 native plugins for Editor in 0.00 ms.
Invoked RoslynAnalysisRunner static constructor.
RoslynAnalysisRunner will not be running.
RoslynAnalysisRunner has terminated.
Mono: successfully reloaded assembly
- Completed reload, in  0.790 seconds
Platform modules already initialized, skipping
Refreshing native plugins compatible for Editor in 0.37 ms, found 1 plugins.
Preloading 0 native plugins for Editor in 0.00 ms.
Unloading 1801 Unused Serialized files (Serialized files now loaded: 0)
System memory in use before: 84.6 MB.
System memory in use after: 84.6 MB.

Unloading 12 unused Assets to reduce memory usage. Loaded Objects now: 2252.
Total: 3.061300 ms (FindLiveObjects: 0.629500 ms CreateObjectMapping: 0.090700 ms MarkObjects: 2.223700 ms  DeleteObjects: 0.115300 ms)

========================================================================
Received Import Request.
  Time since last request: 1049.816724 seconds.
  path: Assets/Scripts/Projectile.cs
  artifactKey: Guid(5de80a905bca90e4c9197c5246792d80) Importer(815301076,1909f56bfc062723c751e8b465ee728b)
Start importing Assets/Scripts/Projectile.cs using Guid(5de80a905bca90e4c9197c5246792d80) Importer(815301076,1909f56bfc062723c751e8b465ee728b)  -> (artifact id: '776349a834f9fb9f37429f3bd719020a') in 0.009996 seconds
  Import took 0.023474 seconds .

========================================================================
Received Import Request.
  Time since last request: 37.298771 seconds.
  path: Assets/Prefabs/Arrow.prefab
  artifactKey: Guid(d26d2f1335c0a7847af24cba78e6740c) Importer(815301076,1909f56bfc062723c751e8b465ee728b)
Start importing Assets/Prefabs/Arrow.prefab using Guid(d26d2f1335c0a7847af24cba78e6740c) Importer(815301076,1909f56bfc062723c751e8b465ee728b)  -> (artifact id: 'ad45c4f1535f34b08cf1673261ade8aa') in 0.088978 seconds
  Import took 0.092346 seconds .

========================================================================
Received Import Request.
  Time since last request: 26.538811 seconds.
  path: Assets/Prefabs/ArrowTower.prefab
  artifactKey: Guid(af13b28766dbd4b41b73a0de79e1007e) Importer(815301076,1909f56bfc062723c751e8b465ee728b)
Start importing Assets/Prefabs/ArrowTower.prefab using Guid(af13b28766dbd4b41b73a0de79e1007e) Importer(815301076,1909f56bfc062723c751e8b465ee728b)  -> (artifact id: '946dcfe3563ff6076b54db32a02382e4') in 0.026495 seconds
  Import took 0.032692 seconds .

========================================================================
Received Import Request.
  Time since last request: 37.975753 seconds.
  path: Assets/Prefabs/Orc.prefab
  artifactKey: Guid(71e86609793b2b54e9ab93c5c7a317a2) Importer(815301076,1909f56bfc062723c751e8b465ee728b)
Start importing Assets/Prefabs/Orc.prefab using Guid(71e86609793b2b54e9ab93c5c7a317a2) Importer(815301076,1909f56bfc062723c751e8b465ee728b)  -> (artifact id: 'bb6796080b5f4c4803710dd84380201a') in 0.023764 seconds
  Import took 0.041852 seconds .

========================================================================
Received Prepare
Registering precompiled user dll's ...
Registered in 0.001392 seconds.
Begin MonoManager ReloadAssembly
Native extension for WindowsStandalone target not found
Native extension for WebGL target not found
Refreshing native plugins compatible for Editor in 0.39 ms, found 1 plugins.
Preloading 0 native plugins for Editor in 0.00 ms.
Invoked RoslynAnalysisRunner static constructor.
RoslynAnalysisRunner will not be running.
RoslynAnalysisRunner has terminated.
Mono: successfully reloaded assembly
- Completed reload, in  0.759 seconds
Platform modules already initialized, skipping
Refreshing native plugins compatible for Editor in 0.39 ms, found 1 plugins.
Preloading 0 native plugins for Editor in 0.00 ms.
Unloading 1801 Unused Serialized files (Serialized files now loaded: 0)
System memory in use before: 87.7 MB.
System memory in use after: 87.7 MB.

Unloading 12 unused Assets to reduce memory usage. Loaded Objects now: 2262.
Total: 2.830200 ms (FindLiveObjects: 0.586100 ms CreateObjectMapping: 0.067500 ms MarkObjects: 2.079000 ms  DeleteObjects: 0.095900 ms)

========================================================================
Received Import Request.
  Time since last request: 62.016884 seconds.
  path: Assets/Prefabs/ArrowTower.prefab
  artifactKey: Guid(af13b28766dbd4b41b73a0de79e1007e) Importer(815301076,1909f56bfc062723c751e8b465ee728b)
Start importing Assets/Prefabs/ArrowTower.prefab using Guid(af13b28766dbd4b41b73a0de79e1007e) Importer(815301076,1909f56bfc062723c751e8b465ee728b)  -> (artifact id: '213f8e109ceeeb6d33723190e3b34c7d') in 0.050579 seconds
  Import took 0.053936 seconds .

========================================================================
Received Prepare
Registering precompiled user dll's ...
Registered in 0.001153 seconds.
Begin MonoManager ReloadAssembly
Native extension for WindowsStandalone target not found
Native extension for WebGL target not found
Refreshing native plugins compatible for Editor in 0.39 ms, found 1 plugins.
Preloading 0 native plugins for Editor in 0.00 ms.
Invoked RoslynAnalysisRunner static constructor.
RoslynAnalysisRunner will not be running.
RoslynAnalysisRunner has terminated.
Mono: successfully reloaded assembly
- Completed reload, in  0.800 seconds
Platform modules already initialized, skipping
Refreshing native plugins compatible for Editor in 0.95 ms, found 1 plugins.
Preloading 0 native plugins for Editor in 0.00 ms.
Unloading 1801 Unused Serialized files (Serialized files now loaded: 0)
System memory in use before: 87.7 MB.
System memory in use after: 87.7 MB.

Unloading 12 unused Assets to reduce memory usage. Loaded Objects now: 2266.
Total: 4.077400 ms (FindLiveObjects: 1.040300 ms CreateObjectMapping: 0.093600 ms MarkObjects: 2.820000 ms  DeleteObjects: 0.119200 ms)

========================================================================
Received Import Request.
  Time since last request: 308.780575 seconds.
  path: Assets/Prefabs/ArrowTower.prefab
  artifactKey: Guid(af13b28766dbd4b41b73a0de79e1007e) Importer(815301076,1909f56bfc062723c751e8b465ee728b)
Start importing Assets/Prefabs/ArrowTower.prefab using Guid(af13b28766dbd4b41b73a0de79e1007e) Importer(815301076,1909f56bfc062723c751e8b465ee728b)  -> (artifact id: 'dbe339af71dad57cd87a1616d534ff8a') in 0.051181 seconds
  Import took 0.080214 seconds .

========================================================================
Received Prepare
Registering precompiled user dll's ...
Registered in 0.001652 seconds.
Begin MonoManager ReloadAssembly
Native extension for WindowsStandalone target not found
Native extension for WebGL target not found
Refreshing native plugins compatible for Editor in 0.57 ms, found 1 plugins.
Preloading 0 native plugins for Editor in 0.00 ms.
Invoked RoslynAnalysisRunner static constructor.
RoslynAnalysisRunner will not be running.
RoslynAnalysisRunner has terminated.
Mono: successfully reloaded assembly
- Completed reload, in  0.798 seconds
Platform modules already initialized, skipping
Refreshing native plugins compatible for Editor in 0.35 ms, found 1 plugins.
Preloading 0 native plugins for Editor in 0.00 ms.
Unloading 1801 Unused Serialized files (Serialized files now loaded: 0)
System memory in use before: 87.8 MB.
System memory in use after: 87.8 MB.

Unloading 12 unused Assets to reduce memory usage. Loaded Objects now: 2270.
Total: 7.120300 ms (FindLiveObjects: 1.290300 ms CreateObjectMapping: 0.093400 ms MarkObjects: 5.403500 ms  DeleteObjects: 0.330100 ms)

AssetImportWorkerClient::OnTransportError - code=2 error=End of file
