Using pre-set license
Built from '2020.2/release' branch; Version is '2020.2.4f1 (becced5a802b) revision 12504301'; Using compiler version '192528614'; Build Type 'Release'
OS: 'Windows 10 Home; OS build 19043.1348; Version 2009; 64bit' Language: 'en' Physical Memory: 16317 MB
BatchMode: 1, IsHumanControllingUs: 0, StartBugReporterOnCrash: 0, Is64bit: 1, IsPro: 0

 COMMAND LINE ARGUMENTS:
C:\Program Files\Unity\Hub\Editor\2020.2.4f1\Editor\Unity.exe
-adb2
-batchMode
-noUpm
-name
AssetImportWorker0
-projectPath
D:/Unity Projects/TeachingProjects/TareqGeekEduProject/TareqGeekEdu
-logFile
Logs/AssetImportWorker0.log
-srvPort
53565
Successfully changed project path to: D:/Unity Projects/TeachingProjects/TareqGeekEduProject/TareqGeekEdu
D:/Unity Projects/TeachingProjects/TareqGeekEduProject/TareqGeekEdu
Using Asset Import Pipeline V2.
Refreshing native plugins compatible for Editor in 53.97 ms, found 1 plugins.
Preloading 0 native plugins for Editor in 0.00 ms.
Initialize engine version: 2020.2.4f1 (becced5a802b)
[Subsystems] Discovering subsystems at path C:/Program Files/Unity/Hub/Editor/2020.2.4f1/Editor/Data/Resources/UnitySubsystems
[Subsystems] Discovering subsystems at path D:/Unity Projects/TeachingProjects/TareqGeekEduProject/TareqGeekEdu/Assets
GfxDevice: creating device client; threaded=0
Direct3D:
    Version:  Direct3D 11.0 [level 11.1]
    Renderer: NVIDIA GeForce RTX 2060 SUPER (ID=0x1f06)
    Vendor:   
    VRAM:     8031 MB
    Driver:   30.0.14.7196
Shader 'Universal Render Pipeline/Particles/Lit': fallback shader 'Universal Render Pipeline/Particles/SimpleLit' not found
Initialize mono
Mono path[0] = 'C:/Program Files/Unity/Hub/Editor/2020.2.4f1/Editor/Data/Managed'
Mono path[1] = 'C:/Program Files/Unity/Hub/Editor/2020.2.4f1/Editor/Data/MonoBleedingEdge/lib/mono/unityjit'
Mono config path = 'C:/Program Files/Unity/Hub/Editor/2020.2.4f1/Editor/Data/MonoBleedingEdge/etc'
Using monoOptions --debugger-agent=transport=dt_socket,embedding=1,server=y,suspend=n,address=127.0.0.1:56272
Begin MonoManager ReloadAssembly
Registering precompiled unity dll's ...
Register platform support module: C:/Program Files/Unity/Hub/Editor/2020.2.4f1/Editor/Data/PlaybackEngines/WebGLSupport/UnityEditor.WebGL.Extensions.dll
Register platform support module: C:/Program Files/Unity/Hub/Editor/2020.2.4f1/Editor/Data/PlaybackEngines/WindowsStandaloneSupport/UnityEditor.WindowsStandalone.Extensions.dll
Registered in 0.002766 seconds.
Native extension for WindowsStandalone target not found
Native extension for WebGL target not found
Refreshing native plugins compatible for Editor in 58.16 ms, found 1 plugins.
Preloading 0 native plugins for Editor in 0.00 ms.
Invoked RoslynAnalysisRunner static constructor.
RoslynAnalysisRunner will not be running.
RoslynAnalysisRunner has terminated.
Mono: successfully reloaded assembly
- Completed reload, in  2.109 seconds
Platform modules already initialized, skipping
Registering precompiled user dll's ...
Registered in 0.001059 seconds.
Begin MonoManager ReloadAssembly
Native extension for WindowsStandalone target not found
Native extension for WebGL target not found
Refreshing native plugins compatible for Editor in 52.82 ms, found 1 plugins.
Preloading 0 native plugins for Editor in 0.00 ms.
Invoked RoslynAnalysisRunner static constructor.
RoslynAnalysisRunner will not be running.
RoslynAnalysisRunner has terminated.
Mono: successfully reloaded assembly
- Completed reload, in  0.979 seconds
Platform modules already initialized, skipping
========================================================================
Worker process is ready to serve import requests
Shader 'Universal Render Pipeline/Particles/Lit': fallback shader 'Universal Render Pipeline/Particles/SimpleLit' not found
Launched and connected shader compiler UnityShaderCompiler.exe after 0.04 seconds
Refreshing native plugins compatible for Editor in 0.51 ms, found 1 plugins.
Preloading 0 native plugins for Editor in 0.00 ms.
Unloading 2945 Unused Serialized files (Serialized files now loaded: 0)
System memory in use before: 128.3 MB.
System memory in use after: 128.4 MB.

Unloading 25 unused Assets to reduce memory usage. Loaded Objects now: 3386.
Total: 3.130000 ms (FindLiveObjects: 0.415400 ms CreateObjectMapping: 0.101900 ms MarkObjects: 2.457700 ms  DeleteObjects: 0.153700 ms)

========================================================================
Received Import Request.
  path: Assets/MinimapTexture.renderTexture
  artifactKey: Guid(31d9d14c2dc743441b94ae67f2d1f6ab) Importer(815301076,1909f56bfc062723c751e8b465ee728b)
Start importing Assets/MinimapTexture.renderTexture using Guid(31d9d14c2dc743441b94ae67f2d1f6ab) Importer(815301076,1909f56bfc062723c751e8b465ee728b)  -> (artifact id: 'f847f270095f202b49bb1161b491c3bf') in 0.077951 seconds
  Import took 0.082478 seconds .

========================================================================
Received Prepare
Registering precompiled user dll's ...
Registered in 0.001408 seconds.
Begin MonoManager ReloadAssembly
Native extension for WindowsStandalone target not found
Native extension for WebGL target not found
Refreshing native plugins compatible for Editor in 0.52 ms, found 1 plugins.
Preloading 0 native plugins for Editor in 0.00 ms.
Invoked RoslynAnalysisRunner static constructor.
RoslynAnalysisRunner will not be running.
RoslynAnalysisRunner has terminated.
Mono: successfully reloaded assembly
- Completed reload, in  0.809 seconds
Platform modules already initialized, skipping
Shader 'Universal Render Pipeline/Particles/Lit': fallback shader 'Universal Render Pipeline/Particles/SimpleLit' not found
Refreshing native plugins compatible for Editor in 0.72 ms, found 1 plugins.
Preloading 0 native plugins for Editor in 0.00 ms.
Unloading 2836 Unused Serialized files (Serialized files now loaded: 0)
System memory in use before: 125.4 MB.
System memory in use after: 125.5 MB.

Unloading 13 unused Assets to reduce memory usage. Loaded Objects now: 3394.
Total: 3.293600 ms (FindLiveObjects: 0.426300 ms CreateObjectMapping: 0.075600 ms MarkObjects: 2.641000 ms  DeleteObjects: 0.149800 ms)

========================================================================
Received Import Request.
  Time since last request: 283.646622 seconds.
  path: Assets/MinimapTexture.renderTexture
  artifactKey: Guid(31d9d14c2dc743441b94ae67f2d1f6ab) Importer(815301076,1909f56bfc062723c751e8b465ee728b)
Start importing Assets/MinimapTexture.renderTexture using Guid(31d9d14c2dc743441b94ae67f2d1f6ab) Importer(815301076,1909f56bfc062723c751e8b465ee728b)  -> (artifact id: '631b65a7b530ea19d0d34c1157b41f30') in 0.035363 seconds
  Import took 0.040091 seconds .

========================================================================
Received Import Request.
  Time since last request: 39.324424 seconds.
  path: Assets/Scripts/CameraScript.cs
  artifactKey: Guid(2cf921e03486f294591e2adf66d49d2a) Importer(815301076,1909f56bfc062723c751e8b465ee728b)
Start importing Assets/Scripts/CameraScript.cs using Guid(2cf921e03486f294591e2adf66d49d2a) Importer(815301076,1909f56bfc062723c751e8b465ee728b)  -> (artifact id: 'fcde11dd10fe47d43fa870aaffcd947d') in 0.040994 seconds
  Import took 0.046863 seconds .

========================================================================
Received Prepare
Registering precompiled user dll's ...
Registered in 0.001669 seconds.
Begin MonoManager ReloadAssembly
Native extension for WindowsStandalone target not found
Native extension for WebGL target not found
Refreshing native plugins compatible for Editor in 0.56 ms, found 1 plugins.
Preloading 0 native plugins for Editor in 0.00 ms.
Invoked RoslynAnalysisRunner static constructor.
RoslynAnalysisRunner will not be running.
RoslynAnalysisRunner has terminated.
Mono: successfully reloaded assembly
- Completed reload, in  0.819 seconds
Platform modules already initialized, skipping
Shader 'Universal Render Pipeline/Particles/Lit': fallback shader 'Universal Render Pipeline/Particles/SimpleLit' not found
Refreshing native plugins compatible for Editor in 0.55 ms, found 1 plugins.
Preloading 0 native plugins for Editor in 0.00 ms.
Unloading 2836 Unused Serialized files (Serialized files now loaded: 0)
System memory in use before: 125.4 MB.
System memory in use after: 125.6 MB.

Unloading 13 unused Assets to reduce memory usage. Loaded Objects now: 3397.
Total: 3.503300 ms (FindLiveObjects: 0.433600 ms CreateObjectMapping: 0.079000 ms MarkObjects: 2.849900 ms  DeleteObjects: 0.139400 ms)

========================================================================
Received Prepare
Registering precompiled user dll's ...
Registered in 0.001817 seconds.
Begin MonoManager ReloadAssembly
Native extension for WindowsStandalone target not found
Native extension for WebGL target not found
Refreshing native plugins compatible for Editor in 0.77 ms, found 1 plugins.
Preloading 0 native plugins for Editor in 0.00 ms.
Invoked RoslynAnalysisRunner static constructor.
RoslynAnalysisRunner will not be running.
RoslynAnalysisRunner has terminated.
Mono: successfully reloaded assembly
- Completed reload, in  0.975 seconds
Platform modules already initialized, skipping
Shader 'Universal Render Pipeline/Particles/Lit': fallback shader 'Universal Render Pipeline/Particles/SimpleLit' not found
Refreshing native plugins compatible for Editor in 1.17 ms, found 1 plugins.
Preloading 0 native plugins for Editor in 0.00 ms.
Unloading 2836 Unused Serialized files (Serialized files now loaded: 0)
System memory in use before: 125.5 MB.
System memory in use after: 125.6 MB.

Unloading 13 unused Assets to reduce memory usage. Loaded Objects now: 3400.
Total: 2.906000 ms (FindLiveObjects: 0.322600 ms CreateObjectMapping: 0.076600 ms MarkObjects: 2.366200 ms  DeleteObjects: 0.139600 ms)

========================================================================
Received Import Request.
  Time since last request: 206.690516 seconds.
  path: Assets/Sprites Assets/Axe.png
  artifactKey: Guid(fdfbc96114a3ad546a2aba2776809057) Importer(815301076,1909f56bfc062723c751e8b465ee728b)
Start importing Assets/Sprites Assets/Axe.png using Guid(fdfbc96114a3ad546a2aba2776809057) Importer(815301076,1909f56bfc062723c751e8b465ee728b)  -> (artifact id: '12de3dd2774e6d7476fe63c8393c2f4a') in 0.069770 seconds
  Import took 0.074893 seconds .

========================================================================
Received Import Request.
  Time since last request: 19.431216 seconds.
  path: Assets/Sprites Assets/Pickaxe.png
  artifactKey: Guid(97f31a71a4b729e42b7928ebd2bd1c00) Importer(815301076,1909f56bfc062723c751e8b465ee728b)
Start importing Assets/Sprites Assets/Pickaxe.png using Guid(97f31a71a4b729e42b7928ebd2bd1c00) Importer(815301076,1909f56bfc062723c751e8b465ee728b)  -> (artifact id: '53c6bfa1d8bda657abfcd70ae541b921') in 0.012702 seconds
  Import took 0.017316 seconds .

========================================================================
Received Import Request.
  Time since last request: 0.004120 seconds.
  path: Assets/Sprites Assets/Pickaxe.png
  artifactKey: Guid(97f31a71a4b729e42b7928ebd2bd1c00) Importer(815301076,1909f56bfc062723c751e8b465ee728b)
Start importing Assets/Sprites Assets/Pickaxe.png using Guid(97f31a71a4b729e42b7928ebd2bd1c00) Importer(815301076,1909f56bfc062723c751e8b465ee728b)  -> (artifact id: '53c6bfa1d8bda657abfcd70ae541b921') in 0.016028 seconds
  Import took 0.021473 seconds .

========================================================================
Received Import Request.
  Time since last request: 215.665253 seconds.
  path: Assets/Scripts/PlayerScript.cs
  artifactKey: Guid(638e7df60547df74db7ab04a5c0e4e6f) Importer(815301076,1909f56bfc062723c751e8b465ee728b)
Start importing Assets/Scripts/PlayerScript.cs using Guid(638e7df60547df74db7ab04a5c0e4e6f) Importer(815301076,1909f56bfc062723c751e8b465ee728b)  -> (artifact id: '55ae1663f376f937d7c7245263b9a8d3') in 0.008196 seconds
  Import took 0.012727 seconds .

========================================================================
Received Import Request.
  Time since last request: 0.017216 seconds.
  path: Assets/Scripts/PlayerScript.cs
  artifactKey: Guid(638e7df60547df74db7ab04a5c0e4e6f) Importer(815301076,1909f56bfc062723c751e8b465ee728b)
Start importing Assets/Scripts/PlayerScript.cs using Guid(638e7df60547df74db7ab04a5c0e4e6f) Importer(815301076,1909f56bfc062723c751e8b465ee728b)  -> (artifact id: '55ae1663f376f937d7c7245263b9a8d3') in 0.003579 seconds
  Import took 0.008679 seconds .

========================================================================
Received Prepare
Registering precompiled user dll's ...
Registered in 0.001502 seconds.
Begin MonoManager ReloadAssembly
Native extension for WindowsStandalone target not found
Native extension for WebGL target not found
Refreshing native plugins compatible for Editor in 0.85 ms, found 1 plugins.
Preloading 0 native plugins for Editor in 0.00 ms.
Invoked RoslynAnalysisRunner static constructor.
RoslynAnalysisRunner will not be running.
RoslynAnalysisRunner has terminated.
Mono: successfully reloaded assembly
- Completed reload, in  0.933 seconds
Platform modules already initialized, skipping
Shader 'Universal Render Pipeline/Particles/Lit': fallback shader 'Universal Render Pipeline/Particles/SimpleLit' not found
Refreshing native plugins compatible for Editor in 1.05 ms, found 1 plugins.
Preloading 0 native plugins for Editor in 0.00 ms.
Unloading 2836 Unused Serialized files (Serialized files now loaded: 0)
System memory in use before: 125.6 MB.
System memory in use after: 125.7 MB.

Unloading 13 unused Assets to reduce memory usage. Loaded Objects now: 3408.
Total: 2.854500 ms (FindLiveObjects: 0.325200 ms CreateObjectMapping: 0.072900 ms MarkObjects: 2.332900 ms  DeleteObjects: 0.122600 ms)

========================================================================
Received Import Request.
  Time since last request: 1002.968197 seconds.
  path: Assets/Scripts/PlayerScript.cs
  artifactKey: Guid(638e7df60547df74db7ab04a5c0e4e6f) Importer(815301076,1909f56bfc062723c751e8b465ee728b)
Start importing Assets/Scripts/PlayerScript.cs using Guid(638e7df60547df74db7ab04a5c0e4e6f) Importer(815301076,1909f56bfc062723c751e8b465ee728b)  -> (artifact id: '65f0802e69e6d019fb206959b2434c91') in 0.009798 seconds
  Import took 0.035209 seconds .

========================================================================
Received Prepare
Registering precompiled user dll's ...
Registered in 0.001485 seconds.
Begin MonoManager ReloadAssembly
Native extension for WindowsStandalone target not found
Native extension for WebGL target not found
Refreshing native plugins compatible for Editor in 0.54 ms, found 1 plugins.
Preloading 0 native plugins for Editor in 0.00 ms.
Invoked RoslynAnalysisRunner static constructor.
RoslynAnalysisRunner will not be running.
RoslynAnalysisRunner has terminated.
Mono: successfully reloaded assembly
- Completed reload, in  0.817 seconds
Platform modules already initialized, skipping
Shader 'Universal Render Pipeline/Particles/Lit': fallback shader 'Universal Render Pipeline/Particles/SimpleLit' not found
Refreshing native plugins compatible for Editor in 0.53 ms, found 1 plugins.
Preloading 0 native plugins for Editor in 0.00 ms.
Unloading 2836 Unused Serialized files (Serialized files now loaded: 0)
System memory in use before: 125.6 MB.
System memory in use after: 125.7 MB.

Unloading 13 unused Assets to reduce memory usage. Loaded Objects now: 3411.
Total: 3.070700 ms (FindLiveObjects: 0.387500 ms CreateObjectMapping: 0.075400 ms MarkObjects: 2.485700 ms  DeleteObjects: 0.120800 ms)

========================================================================
Received Prepare
Registering precompiled user dll's ...
Registered in 0.001455 seconds.
Begin MonoManager ReloadAssembly
Native extension for WindowsStandalone target not found
Native extension for WebGL target not found
Refreshing native plugins compatible for Editor in 0.56 ms, found 1 plugins.
Preloading 0 native plugins for Editor in 0.00 ms.
Invoked RoslynAnalysisRunner static constructor.
RoslynAnalysisRunner will not be running.
RoslynAnalysisRunner has terminated.
Mono: successfully reloaded assembly
- Completed reload, in  0.867 seconds
Platform modules already initialized, skipping
Shader 'Universal Render Pipeline/Particles/Lit': fallback shader 'Universal Render Pipeline/Particles/SimpleLit' not found
Refreshing native plugins compatible for Editor in 0.55 ms, found 1 plugins.
Preloading 0 native plugins for Editor in 0.00 ms.
Unloading 2836 Unused Serialized files (Serialized files now loaded: 0)
System memory in use before: 125.6 MB.
System memory in use after: 125.7 MB.

Unloading 13 unused Assets to reduce memory usage. Loaded Objects now: 3414.
Total: 2.452400 ms (FindLiveObjects: 0.338800 ms CreateObjectMapping: 0.082200 ms MarkObjects: 1.893800 ms  DeleteObjects: 0.136500 ms)

========================================================================
Received Prepare
Registering precompiled user dll's ...
Registered in 0.001930 seconds.
Begin MonoManager ReloadAssembly
Native extension for WindowsStandalone target not found
Native extension for WebGL target not found
Refreshing native plugins compatible for Editor in 1.77 ms, found 1 plugins.
Preloading 0 native plugins for Editor in 0.00 ms.
Invoked RoslynAnalysisRunner static constructor.
RoslynAnalysisRunner will not be running.
RoslynAnalysisRunner has terminated.
Mono: successfully reloaded assembly
- Completed reload, in  0.957 seconds
Platform modules already initialized, skipping
Shader 'Universal Render Pipeline/Particles/Lit': fallback shader 'Universal Render Pipeline/Particles/SimpleLit' not found
Refreshing native plugins compatible for Editor in 0.79 ms, found 1 plugins.
Preloading 0 native plugins for Editor in 0.00 ms.
Unloading 2836 Unused Serialized files (Serialized files now loaded: 0)
System memory in use before: 125.6 MB.
System memory in use after: 125.7 MB.

Unloading 13 unused Assets to reduce memory usage. Loaded Objects now: 3417.
Total: 3.338800 ms (FindLiveObjects: 0.437900 ms CreateObjectMapping: 0.074100 ms MarkObjects: 2.521100 ms  DeleteObjects: 0.300800 ms)

AssetImportWorkerClient::OnTransportError - code=2 error=End of file
