Using pre-set license
Built from '2020.2/release' branch; Version is '2020.2.4f1 (becced5a802b) revision 12504301'; Using compiler version '192528614'; Build Type 'Release'
OS: 'Windows 10 Home; OS build 19043.1586; Version 2009; 64bit' Language: 'en' Physical Memory: 16317 MB
BatchMode: 1, IsHumanControllingUs: 0, StartBugReporterOnCrash: 0, Is64bit: 1, IsPro: 0

 COMMAND LINE ARGUMENTS:
C:\Program Files\Unity\Hub\Editor\2020.2.4f1\Editor\Unity.exe
-adb2
-batchMode
-noUpm
-name
AssetImportWorker0
-projectPath
D:/Unity Projects/TeachingProjects/TareqGeekEduProject/TareqGeekEdu
-logFile
Logs/AssetImportWorker0.log
-srvPort
54106
Successfully changed project path to: D:/Unity Projects/TeachingProjects/TareqGeekEduProject/TareqGeekEdu
D:/Unity Projects/TeachingProjects/TareqGeekEduProject/TareqGeekEdu
Using Asset Import Pipeline V2.
Refreshing native plugins compatible for Editor in 47.71 ms, found 1 plugins.
Preloading 0 native plugins for Editor in 0.00 ms.
Initialize engine version: 2020.2.4f1 (becced5a802b)
[Subsystems] Discovering subsystems at path C:/Program Files/Unity/Hub/Editor/2020.2.4f1/Editor/Data/Resources/UnitySubsystems
[Subsystems] Discovering subsystems at path D:/Unity Projects/TeachingProjects/TareqGeekEduProject/TareqGeekEdu/Assets
GfxDevice: creating device client; threaded=0
Direct3D:
    Version:  Direct3D 11.0 [level 11.1]
    Renderer: NVIDIA GeForce RTX 2060 SUPER (ID=0x1f06)
    Vendor:   
    VRAM:     8031 MB
    Driver:   30.0.14.7196
Shader 'Universal Render Pipeline/Particles/Lit': fallback shader 'Universal Render Pipeline/Particles/SimpleLit' not found
Initialize mono
Mono path[0] = 'C:/Program Files/Unity/Hub/Editor/2020.2.4f1/Editor/Data/Managed'
Mono path[1] = 'C:/Program Files/Unity/Hub/Editor/2020.2.4f1/Editor/Data/MonoBleedingEdge/lib/mono/unityjit'
Mono config path = 'C:/Program Files/Unity/Hub/Editor/2020.2.4f1/Editor/Data/MonoBleedingEdge/etc'
Using monoOptions --debugger-agent=transport=dt_socket,embedding=1,server=y,suspend=n,address=127.0.0.1:56940
Begin MonoManager ReloadAssembly
Registering precompiled unity dll's ...
Register platform support module: C:/Program Files/Unity/Hub/Editor/2020.2.4f1/Editor/Data/PlaybackEngines/WebGLSupport/UnityEditor.WebGL.Extensions.dll
Register platform support module: C:/Program Files/Unity/Hub/Editor/2020.2.4f1/Editor/Data/PlaybackEngines/WindowsStandaloneSupport/UnityEditor.WindowsStandalone.Extensions.dll
Registered in 0.003075 seconds.
Native extension for WindowsStandalone target not found
Native extension for WebGL target not found
Refreshing native plugins compatible for Editor in 51.85 ms, found 1 plugins.
Preloading 0 native plugins for Editor in 0.00 ms.
Invoked RoslynAnalysisRunner static constructor.
RoslynAnalysisRunner will not be running.
RoslynAnalysisRunner has terminated.
Mono: successfully reloaded assembly
- Completed reload, in  2.049 seconds
Platform modules already initialized, skipping
Registering precompiled user dll's ...
Registered in 0.001100 seconds.
Begin MonoManager ReloadAssembly
Native extension for WindowsStandalone target not found
Native extension for WebGL target not found
Refreshing native plugins compatible for Editor in 58.98 ms, found 1 plugins.
Preloading 0 native plugins for Editor in 0.00 ms.
Invoked RoslynAnalysisRunner static constructor.
RoslynAnalysisRunner will not be running.
RoslynAnalysisRunner has terminated.
Mono: successfully reloaded assembly
- Completed reload, in  1.012 seconds
Platform modules already initialized, skipping
========================================================================
Worker process is ready to serve import requests
Shader 'Universal Render Pipeline/Particles/Lit': fallback shader 'Universal Render Pipeline/Particles/SimpleLit' not found
Launched and connected shader compiler UnityShaderCompiler.exe after 0.06 seconds
Refreshing native plugins compatible for Editor in 1.73 ms, found 1 plugins.
Preloading 0 native plugins for Editor in 0.00 ms.
Unloading 2961 Unused Serialized files (Serialized files now loaded: 0)
System memory in use before: 128.8 MB.
System memory in use after: 128.9 MB.

Unloading 25 unused Assets to reduce memory usage. Loaded Objects now: 3402.
Total: 2.709700 ms (FindLiveObjects: 0.490600 ms CreateObjectMapping: 0.081900 ms MarkObjects: 1.995700 ms  DeleteObjects: 0.138800 ms)

========================================================================
Received Import Request.
  path: Assets/SoundFX
  artifactKey: Guid(a4aa32cd6c6bd314ebbd60451156ac2c) Importer(815301076,1909f56bfc062723c751e8b465ee728b)
Start importing Assets/SoundFX using Guid(a4aa32cd6c6bd314ebbd60451156ac2c) Importer(815301076,1909f56bfc062723c751e8b465ee728b)  -> (artifact id: '7613ae90e1d44e01be0831643f05c401') in 0.013822 seconds
  Import took 0.029706 seconds .

========================================================================
Received Import Request.
  Time since last request: 5.952172 seconds.
  path: Assets/SoundFX/hitHurt (1).wav
  artifactKey: Guid(4abe2e0114c547e4ca6c7f7cbb56a5a1) Importer(815301076,1909f56bfc062723c751e8b465ee728b)
Start importing Assets/SoundFX/hitHurt (1).wav using Guid(4abe2e0114c547e4ca6c7f7cbb56a5a1) Importer(815301076,1909f56bfc062723c751e8b465ee728b)  -> (artifact id: '9649041ff83c89a156e3e842b2d3c067') in 0.086851 seconds
  Import took 0.094227 seconds .

========================================================================
Received Import Request.
  Time since last request: 0.000249 seconds.
  path: Assets/SoundFX/click.wav
  artifactKey: Guid(66e5984b3f34bb649bd319fc6a6b3adb) Importer(815301076,1909f56bfc062723c751e8b465ee728b)
Start importing Assets/SoundFX/click.wav using Guid(66e5984b3f34bb649bd319fc6a6b3adb) Importer(815301076,1909f56bfc062723c751e8b465ee728b)  -> (artifact id: 'f8c7326cbb062f626c3ca2a053ba234b') in 0.016971 seconds
  Import took 0.024221 seconds .

========================================================================
Received Import Request.
  Time since last request: 0.000265 seconds.
  path: Assets/SoundFX/random.wav
  artifactKey: Guid(c6602aeda258ee7449eb35a5a6066bf7) Importer(815301076,1909f56bfc062723c751e8b465ee728b)
Start importing Assets/SoundFX/random.wav using Guid(c6602aeda258ee7449eb35a5a6066bf7) Importer(815301076,1909f56bfc062723c751e8b465ee728b)  -> (artifact id: 'ee36d1c729e475e7dccd608566034a9f') in 0.012792 seconds
  Import took 0.030967 seconds .

========================================================================
Received Import Request.
  Time since last request: 18.786139 seconds.
  path: Assets/SoundFX/PlayerHurt.wav
  artifactKey: Guid(4abe2e0114c547e4ca6c7f7cbb56a5a1) Importer(815301076,1909f56bfc062723c751e8b465ee728b)
Start importing Assets/SoundFX/PlayerHurt.wav using Guid(4abe2e0114c547e4ca6c7f7cbb56a5a1) Importer(815301076,1909f56bfc062723c751e8b465ee728b)  -> (artifact id: 'af8ab19ae21d816f0d6c618cb3d8c2c1') in 0.010495 seconds
  Import took 0.028630 seconds .

========================================================================
Received Import Request.
  Time since last request: 11.916348 seconds.
  path: Assets/SoundFX/EnemyHurt.wav
  artifactKey: Guid(c6602aeda258ee7449eb35a5a6066bf7) Importer(815301076,1909f56bfc062723c751e8b465ee728b)
Start importing Assets/SoundFX/EnemyHurt.wav using Guid(c6602aeda258ee7449eb35a5a6066bf7) Importer(815301076,1909f56bfc062723c751e8b465ee728b)  -> (artifact id: 'ceda0df6fa7e49b3a6d1312f6e31f5b0') in 0.023521 seconds
  Import took 0.043068 seconds .

========================================================================
Received Import Request.
  Time since last request: 30.727331 seconds.
  path: Assets/SoundFX/GatherSound.wav
  artifactKey: Guid(66e5984b3f34bb649bd319fc6a6b3adb) Importer(815301076,1909f56bfc062723c751e8b465ee728b)
Start importing Assets/SoundFX/GatherSound.wav using Guid(66e5984b3f34bb649bd319fc6a6b3adb) Importer(815301076,1909f56bfc062723c751e8b465ee728b)  -> (artifact id: '9d1ccf5dd8d9ed94c16a2fd1896c69f5') in 0.019512 seconds
  Import took 0.039074 seconds .

========================================================================
Received Import Request.
  Time since last request: 0.002038 seconds.
  path: Assets/SoundFX/GatherSound.wav
  artifactKey: Guid(66e5984b3f34bb649bd319fc6a6b3adb) Importer(815301076,1909f56bfc062723c751e8b465ee728b)
Start importing Assets/SoundFX/GatherSound.wav using Guid(66e5984b3f34bb649bd319fc6a6b3adb) Importer(815301076,1909f56bfc062723c751e8b465ee728b)  -> (artifact id: '9d1ccf5dd8d9ed94c16a2fd1896c69f5') in 0.008492 seconds
  Import took 0.013358 seconds .

========================================================================
Received Import Request.
  Time since last request: 722.320673 seconds.
  path: Assets/Scripts/SoundManager.cs
  artifactKey: Guid(e0b5ad2388d564d4483558535f9aa3cd) Importer(815301076,1909f56bfc062723c751e8b465ee728b)
Start importing Assets/Scripts/SoundManager.cs using Guid(e0b5ad2388d564d4483558535f9aa3cd) Importer(815301076,1909f56bfc062723c751e8b465ee728b)  -> (artifact id: '7de5f0d68e3bf539a63b90c72fcde084') in 0.008614 seconds
  Import took 0.019964 seconds .

========================================================================
Received Prepare
Registering precompiled user dll's ...
Registered in 0.001260 seconds.
Begin MonoManager ReloadAssembly
Native extension for WindowsStandalone target not found
Native extension for WebGL target not found
Refreshing native plugins compatible for Editor in 0.64 ms, found 1 plugins.
Preloading 0 native plugins for Editor in 0.00 ms.
Invoked RoslynAnalysisRunner static constructor.
RoslynAnalysisRunner will not be running.
RoslynAnalysisRunner has terminated.
Mono: successfully reloaded assembly
- Completed reload, in  0.971 seconds
Platform modules already initialized, skipping
Shader 'Universal Render Pipeline/Particles/Lit': fallback shader 'Universal Render Pipeline/Particles/SimpleLit' not found
Refreshing native plugins compatible for Editor in 1.50 ms, found 1 plugins.
Preloading 0 native plugins for Editor in 0.00 ms.
Unloading 2853 Unused Serialized files (Serialized files now loaded: 0)
System memory in use before: 126.0 MB.
System memory in use after: 126.1 MB.

Unloading 13 unused Assets to reduce memory usage. Loaded Objects now: 3415.
Total: 6.138500 ms (FindLiveObjects: 1.599300 ms CreateObjectMapping: 0.119800 ms MarkObjects: 4.238100 ms  DeleteObjects: 0.177500 ms)

========================================================================
Received Prepare
Registering precompiled user dll's ...
Registered in 0.001784 seconds.
Begin MonoManager ReloadAssembly
Native extension for WindowsStandalone target not found
Native extension for WebGL target not found
Refreshing native plugins compatible for Editor in 0.79 ms, found 1 plugins.
Preloading 0 native plugins for Editor in 0.00 ms.
Invoked RoslynAnalysisRunner static constructor.
RoslynAnalysisRunner will not be running.
RoslynAnalysisRunner has terminated.
Mono: successfully reloaded assembly
- Completed reload, in  0.809 seconds
Platform modules already initialized, skipping
Shader 'Universal Render Pipeline/Particles/Lit': fallback shader 'Universal Render Pipeline/Particles/SimpleLit' not found
Refreshing native plugins compatible for Editor in 0.75 ms, found 1 plugins.
Preloading 0 native plugins for Editor in 0.00 ms.
Unloading 2853 Unused Serialized files (Serialized files now loaded: 0)
System memory in use before: 126.0 MB.
System memory in use after: 126.1 MB.

Unloading 13 unused Assets to reduce memory usage. Loaded Objects now: 3418.
Total: 2.320200 ms (FindLiveObjects: 0.316500 ms CreateObjectMapping: 0.079200 ms MarkObjects: 1.813100 ms  DeleteObjects: 0.110400 ms)

========================================================================
Received Import Request.
  Time since last request: 857.229987 seconds.
  path: Assets/Scripts/SoundManager.cs
  artifactKey: Guid(e0b5ad2388d564d4483558535f9aa3cd) Importer(815301076,1909f56bfc062723c751e8b465ee728b)
Start importing Assets/Scripts/SoundManager.cs using Guid(e0b5ad2388d564d4483558535f9aa3cd) Importer(815301076,1909f56bfc062723c751e8b465ee728b)  -> (artifact id: '345ff9edcec4600fe07b6ba98e89b806') in 0.006952 seconds
  Import took 0.012036 seconds .

========================================================================
Received Prepare
Registering precompiled user dll's ...
Registered in 0.001458 seconds.
Begin MonoManager ReloadAssembly
Native extension for WindowsStandalone target not found
Native extension for WebGL target not found
Refreshing native plugins compatible for Editor in 1.03 ms, found 1 plugins.
Preloading 0 native plugins for Editor in 0.00 ms.
Invoked RoslynAnalysisRunner static constructor.
RoslynAnalysisRunner will not be running.
RoslynAnalysisRunner has terminated.
Mono: successfully reloaded assembly
- Completed reload, in  0.940 seconds
Platform modules already initialized, skipping
Shader 'Universal Render Pipeline/Particles/Lit': fallback shader 'Universal Render Pipeline/Particles/SimpleLit' not found
Refreshing native plugins compatible for Editor in 1.15 ms, found 1 plugins.
Preloading 0 native plugins for Editor in 0.00 ms.
Unloading 2853 Unused Serialized files (Serialized files now loaded: 0)
System memory in use before: 126.0 MB.
System memory in use after: 126.2 MB.

Unloading 13 unused Assets to reduce memory usage. Loaded Objects now: 3421.
Total: 3.810000 ms (FindLiveObjects: 1.066400 ms CreateObjectMapping: 0.104400 ms MarkObjects: 2.500300 ms  DeleteObjects: 0.137500 ms)

========================================================================
Received Prepare
Registering precompiled user dll's ...
Registered in 0.001707 seconds.
Begin MonoManager ReloadAssembly
Native extension for WindowsStandalone target not found
Native extension for WebGL target not found
Refreshing native plugins compatible for Editor in 0.87 ms, found 1 plugins.
Preloading 0 native plugins for Editor in 0.00 ms.
Invoked RoslynAnalysisRunner static constructor.
RoslynAnalysisRunner will not be running.
RoslynAnalysisRunner has terminated.
Mono: successfully reloaded assembly
- Completed reload, in  0.886 seconds
Platform modules already initialized, skipping
Shader 'Universal Render Pipeline/Particles/Lit': fallback shader 'Universal Render Pipeline/Particles/SimpleLit' not found
Refreshing native plugins compatible for Editor in 1.31 ms, found 1 plugins.
Preloading 0 native plugins for Editor in 0.00 ms.
Unloading 2853 Unused Serialized files (Serialized files now loaded: 0)
System memory in use before: 126.1 MB.
System memory in use after: 126.2 MB.

Unloading 13 unused Assets to reduce memory usage. Loaded Objects now: 3424.
Total: 5.262800 ms (FindLiveObjects: 0.728900 ms CreateObjectMapping: 0.103100 ms MarkObjects: 4.181000 ms  DeleteObjects: 0.246200 ms)

========================================================================
Received Import Request.
  Time since last request: 269.757081 seconds.
  path: Assets/Prefabs/KingBlobBob.prefab
  artifactKey: Guid(e1b49140564491649a5dd3533c655e6d) Importer(815301076,1909f56bfc062723c751e8b465ee728b)
Start importing Assets/Prefabs/KingBlobBob.prefab using Guid(e1b49140564491649a5dd3533c655e6d) Importer(815301076,1909f56bfc062723c751e8b465ee728b)  -> (artifact id: '5fcf9a95ff11955b03bdc27fabd02237') in 0.178919 seconds
  Import took 0.185719 seconds .

========================================================================
Received Import Request.
  Time since last request: 59.227350 seconds.
  path: Assets/Scenes/SampleScene.unity
  artifactKey: Guid(2cda990e2423bbf4892e6590ba056729) Importer(815301076,1909f56bfc062723c751e8b465ee728b)
Start importing Assets/Scenes/SampleScene.unity using Guid(2cda990e2423bbf4892e6590ba056729) Importer(815301076,1909f56bfc062723c751e8b465ee728b)  -> (artifact id: '5fde3d3f2eee981bb17f3f7732f13deb') in 0.008600 seconds
  Import took 0.013949 seconds .

========================================================================
Received Import Request.
  Time since last request: 0.000941 seconds.
  path: Assets/Scenes/SampleScene.unity
  artifactKey: Guid(2cda990e2423bbf4892e6590ba056729) Importer(815301076,1909f56bfc062723c751e8b465ee728b)
Start importing Assets/Scenes/SampleScene.unity using Guid(2cda990e2423bbf4892e6590ba056729) Importer(815301076,1909f56bfc062723c751e8b465ee728b)  -> (artifact id: '5fde3d3f2eee981bb17f3f7732f13deb') in 0.003661 seconds
  Import took 0.008698 seconds .

========================================================================
Received Prepare
Registering precompiled user dll's ...
Registered in 0.001937 seconds.
Begin MonoManager ReloadAssembly
Native extension for WindowsStandalone target not found
Native extension for WebGL target not found
Refreshing native plugins compatible for Editor in 0.71 ms, found 1 plugins.
Preloading 0 native plugins for Editor in 0.00 ms.
Invoked RoslynAnalysisRunner static constructor.
RoslynAnalysisRunner will not be running.
RoslynAnalysisRunner has terminated.
Mono: successfully reloaded assembly
- Completed reload, in  0.858 seconds
Platform modules already initialized, skipping
Shader 'Universal Render Pipeline/Particles/Lit': fallback shader 'Universal Render Pipeline/Particles/SimpleLit' not found
Refreshing native plugins compatible for Editor in 0.55 ms, found 1 plugins.
Preloading 0 native plugins for Editor in 0.00 ms.
Unloading 2853 Unused Serialized files (Serialized files now loaded: 0)
System memory in use before: 128.3 MB.
System memory in use after: 128.4 MB.

Unloading 13 unused Assets to reduce memory usage. Loaded Objects now: 3466.
Total: 2.864700 ms (FindLiveObjects: 0.492800 ms CreateObjectMapping: 0.098900 ms MarkObjects: 2.134900 ms  DeleteObjects: 0.137100 ms)

========================================================================
Received Import Request.
  Time since last request: 514.910262 seconds.
  path: Assets/Scripts/KingBlob.cs
  artifactKey: Guid(eb1b263c36e4336489d69969e9df2b65) Importer(815301076,1909f56bfc062723c751e8b465ee728b)
Start importing Assets/Scripts/KingBlob.cs using Guid(eb1b263c36e4336489d69969e9df2b65) Importer(815301076,1909f56bfc062723c751e8b465ee728b)  -> (artifact id: 'c62b4b4ad7958de373921449a35c2798') in 0.015106 seconds
  Import took 0.039378 seconds .

========================================================================
Received Prepare
Registering precompiled user dll's ...
Registered in 0.001441 seconds.
Begin MonoManager ReloadAssembly
Native extension for WindowsStandalone target not found
Native extension for WebGL target not found
Refreshing native plugins compatible for Editor in 0.67 ms, found 1 plugins.
Preloading 0 native plugins for Editor in 0.00 ms.
Invoked RoslynAnalysisRunner static constructor.
RoslynAnalysisRunner will not be running.
RoslynAnalysisRunner has terminated.
Mono: successfully reloaded assembly
- Completed reload, in  1.037 seconds
Platform modules already initialized, skipping
Shader 'Universal Render Pipeline/Particles/Lit': fallback shader 'Universal Render Pipeline/Particles/SimpleLit' not found
Refreshing native plugins compatible for Editor in 0.83 ms, found 1 plugins.
Preloading 0 native plugins for Editor in 0.00 ms.
Unloading 2854 Unused Serialized files (Serialized files now loaded: 0)
System memory in use before: 128.3 MB.
System memory in use after: 128.4 MB.

Unloading 13 unused Assets to reduce memory usage. Loaded Objects now: 3470.
Total: 4.582300 ms (FindLiveObjects: 0.902600 ms CreateObjectMapping: 0.111700 ms MarkObjects: 3.411700 ms  DeleteObjects: 0.151500 ms)

========================================================================
Received Prepare
Registering precompiled user dll's ...
Registered in 0.001532 seconds.
Begin MonoManager ReloadAssembly
Native extension for WindowsStandalone target not found
Native extension for WebGL target not found
Refreshing native plugins compatible for Editor in 2.23 ms, found 1 plugins.
Preloading 0 native plugins for Editor in 0.00 ms.
Invoked RoslynAnalysisRunner static constructor.
RoslynAnalysisRunner will not be running.
RoslynAnalysisRunner has terminated.
Mono: successfully reloaded assembly
- Completed reload, in  0.881 seconds
Platform modules already initialized, skipping
Shader 'Universal Render Pipeline/Particles/Lit': fallback shader 'Universal Render Pipeline/Particles/SimpleLit' not found
Refreshing native plugins compatible for Editor in 0.55 ms, found 1 plugins.
Preloading 0 native plugins for Editor in 0.00 ms.
Unloading 2854 Unused Serialized files (Serialized files now loaded: 0)
System memory in use before: 128.3 MB.
System memory in use after: 128.4 MB.

Unloading 13 unused Assets to reduce memory usage. Loaded Objects now: 3473.
Total: 4.402000 ms (FindLiveObjects: 0.373500 ms CreateObjectMapping: 0.079300 ms MarkObjects: 3.721800 ms  DeleteObjects: 0.225400 ms)

========================================================================
Received Prepare
Registering precompiled user dll's ...
Registered in 0.001690 seconds.
Begin MonoManager ReloadAssembly
Native extension for WindowsStandalone target not found
Native extension for WebGL target not found
Refreshing native plugins compatible for Editor in 0.73 ms, found 1 plugins.
Preloading 0 native plugins for Editor in 0.00 ms.
Invoked RoslynAnalysisRunner static constructor.
RoslynAnalysisRunner will not be running.
RoslynAnalysisRunner has terminated.
Mono: successfully reloaded assembly
- Completed reload, in  0.886 seconds
Platform modules already initialized, skipping
Shader 'Universal Render Pipeline/Particles/Lit': fallback shader 'Universal Render Pipeline/Particles/SimpleLit' not found
Refreshing native plugins compatible for Editor in 0.54 ms, found 1 plugins.
Preloading 0 native plugins for Editor in 0.00 ms.
Unloading 2854 Unused Serialized files (Serialized files now loaded: 0)
System memory in use before: 128.3 MB.
System memory in use after: 128.5 MB.

Unloading 13 unused Assets to reduce memory usage. Loaded Objects now: 3476.
Total: 2.817900 ms (FindLiveObjects: 0.433600 ms CreateObjectMapping: 0.075000 ms MarkObjects: 2.167100 ms  DeleteObjects: 0.141000 ms)

========================================================================
Received Import Request.
  Time since last request: 157.054989 seconds.
  path: Assets/Scripts/KingBlob.cs
  artifactKey: Guid(eb1b263c36e4336489d69969e9df2b65) Importer(815301076,1909f56bfc062723c751e8b465ee728b)
Start importing Assets/Scripts/KingBlob.cs using Guid(eb1b263c36e4336489d69969e9df2b65) Importer(815301076,1909f56bfc062723c751e8b465ee728b)  -> (artifact id: '58089d07c8a8a9f4bc1a155d85c6f53e') in 0.006777 seconds
  Import took 0.029621 seconds .

========================================================================
Received Prepare
Registering precompiled user dll's ...
Registered in 0.001660 seconds.
Begin MonoManager ReloadAssembly
Native extension for WindowsStandalone target not found
Native extension for WebGL target not found
Refreshing native plugins compatible for Editor in 0.85 ms, found 1 plugins.
Preloading 0 native plugins for Editor in 0.00 ms.
Invoked RoslynAnalysisRunner static constructor.
RoslynAnalysisRunner will not be running.
RoslynAnalysisRunner has terminated.
Mono: successfully reloaded assembly
- Completed reload, in  0.913 seconds
Platform modules already initialized, skipping
Shader 'Universal Render Pipeline/Particles/Lit': fallback shader 'Universal Render Pipeline/Particles/SimpleLit' not found
Refreshing native plugins compatible for Editor in 0.57 ms, found 1 plugins.
Preloading 0 native plugins for Editor in 0.00 ms.
Unloading 2854 Unused Serialized files (Serialized files now loaded: 0)
System memory in use before: 128.4 MB.
System memory in use after: 128.5 MB.

Unloading 13 unused Assets to reduce memory usage. Loaded Objects now: 3479.
Total: 4.145400 ms (FindLiveObjects: 0.743600 ms CreateObjectMapping: 0.089400 ms MarkObjects: 3.140800 ms  DeleteObjects: 0.169800 ms)

========================================================================
Received Prepare
Registering precompiled user dll's ...
Registered in 0.002037 seconds.
Begin MonoManager ReloadAssembly
Native extension for WindowsStandalone target not found
Native extension for WebGL target not found
Refreshing native plugins compatible for Editor in 0.66 ms, found 1 plugins.
Preloading 0 native plugins for Editor in 0.00 ms.
Invoked RoslynAnalysisRunner static constructor.
RoslynAnalysisRunner will not be running.
RoslynAnalysisRunner has terminated.
Mono: successfully reloaded assembly
- Completed reload, in  0.975 seconds
Platform modules already initialized, skipping
Shader 'Universal Render Pipeline/Particles/Lit': fallback shader 'Universal Render Pipeline/Particles/SimpleLit' not found
Refreshing native plugins compatible for Editor in 0.71 ms, found 1 plugins.
Preloading 0 native plugins for Editor in 0.00 ms.
Unloading 2854 Unused Serialized files (Serialized files now loaded: 0)
System memory in use before: 128.4 MB.
System memory in use after: 128.5 MB.

Unloading 13 unused Assets to reduce memory usage. Loaded Objects now: 3482.
Total: 3.191200 ms (FindLiveObjects: 0.467400 ms CreateObjectMapping: 0.083700 ms MarkObjects: 2.482100 ms  DeleteObjects: 0.155700 ms)

========================================================================
Received Prepare
Registering precompiled user dll's ...
Registered in 0.001308 seconds.
Begin MonoManager ReloadAssembly
Native extension for WindowsStandalone target not found
Native extension for WebGL target not found
Refreshing native plugins compatible for Editor in 1.17 ms, found 1 plugins.
Preloading 0 native plugins for Editor in 0.00 ms.
Invoked RoslynAnalysisRunner static constructor.
RoslynAnalysisRunner will not be running.
RoslynAnalysisRunner has terminated.
Mono: successfully reloaded assembly
- Completed reload, in  0.906 seconds
Platform modules already initialized, skipping
Shader 'Universal Render Pipeline/Particles/Lit': fallback shader 'Universal Render Pipeline/Particles/SimpleLit' not found
Refreshing native plugins compatible for Editor in 0.67 ms, found 1 plugins.
Preloading 0 native plugins for Editor in 0.00 ms.
Unloading 2854 Unused Serialized files (Serialized files now loaded: 0)
System memory in use before: 128.4 MB.
System memory in use after: 128.5 MB.

Unloading 13 unused Assets to reduce memory usage. Loaded Objects now: 3485.
Total: 2.990500 ms (FindLiveObjects: 0.471700 ms CreateObjectMapping: 0.080500 ms MarkObjects: 2.315900 ms  DeleteObjects: 0.121200 ms)

========================================================================
Received Prepare
Registering precompiled user dll's ...
Registered in 0.001621 seconds.
Begin MonoManager ReloadAssembly
Native extension for WindowsStandalone target not found
Native extension for WebGL target not found
Refreshing native plugins compatible for Editor in 0.58 ms, found 1 plugins.
Preloading 0 native plugins for Editor in 0.00 ms.
Invoked RoslynAnalysisRunner static constructor.
RoslynAnalysisRunner will not be running.
RoslynAnalysisRunner has terminated.
Mono: successfully reloaded assembly
- Completed reload, in  0.870 seconds
Platform modules already initialized, skipping
Shader 'Universal Render Pipeline/Particles/Lit': fallback shader 'Universal Render Pipeline/Particles/SimpleLit' not found
Refreshing native plugins compatible for Editor in 1.54 ms, found 1 plugins.
Preloading 0 native plugins for Editor in 0.00 ms.
Unloading 2854 Unused Serialized files (Serialized files now loaded: 0)
System memory in use before: 128.4 MB.
System memory in use after: 128.5 MB.

Unloading 13 unused Assets to reduce memory usage. Loaded Objects now: 3488.
Total: 4.139200 ms (FindLiveObjects: 0.879200 ms CreateObjectMapping: 0.099500 ms MarkObjects: 2.989200 ms  DeleteObjects: 0.168000 ms)

========================================================================
Received Prepare
Registering precompiled user dll's ...
Registered in 0.001575 seconds.
Begin MonoManager ReloadAssembly
Native extension for WindowsStandalone target not found
Native extension for WebGL target not found
Refreshing native plugins compatible for Editor in 0.65 ms, found 1 plugins.
Preloading 0 native plugins for Editor in 0.00 ms.
Invoked RoslynAnalysisRunner static constructor.
RoslynAnalysisRunner will not be running.
RoslynAnalysisRunner has terminated.
Mono: successfully reloaded assembly
- Completed reload, in  0.912 seconds
Platform modules already initialized, skipping
Shader 'Universal Render Pipeline/Particles/Lit': fallback shader 'Universal Render Pipeline/Particles/SimpleLit' not found
Refreshing native plugins compatible for Editor in 0.66 ms, found 1 plugins.
Preloading 0 native plugins for Editor in 0.00 ms.
Unloading 2854 Unused Serialized files (Serialized files now loaded: 0)
System memory in use before: 128.4 MB.
System memory in use after: 128.5 MB.

Unloading 13 unused Assets to reduce memory usage. Loaded Objects now: 3491.
Total: 2.495500 ms (FindLiveObjects: 0.283800 ms CreateObjectMapping: 0.081100 ms MarkObjects: 2.018400 ms  DeleteObjects: 0.111300 ms)

========================================================================
Received Prepare
Registering precompiled user dll's ...
Registered in 0.001367 seconds.
Begin MonoManager ReloadAssembly
Native extension for WindowsStandalone target not found
Native extension for WebGL target not found
Refreshing native plugins compatible for Editor in 0.53 ms, found 1 plugins.
Preloading 0 native plugins for Editor in 0.00 ms.
Invoked RoslynAnalysisRunner static constructor.
RoslynAnalysisRunner will not be running.
RoslynAnalysisRunner has terminated.
Mono: successfully reloaded assembly
- Completed reload, in  0.863 seconds
Platform modules already initialized, skipping
Shader 'Universal Render Pipeline/Particles/Lit': fallback shader 'Universal Render Pipeline/Particles/SimpleLit' not found
Refreshing native plugins compatible for Editor in 0.56 ms, found 1 plugins.
Preloading 0 native plugins for Editor in 0.00 ms.
Unloading 2854 Unused Serialized files (Serialized files now loaded: 0)
System memory in use before: 128.4 MB.
System memory in use after: 128.5 MB.

Unloading 13 unused Assets to reduce memory usage. Loaded Objects now: 3494.
Total: 2.309800 ms (FindLiveObjects: 0.319500 ms CreateObjectMapping: 0.075600 ms MarkObjects: 1.792700 ms  DeleteObjects: 0.120700 ms)

AssetImportWorkerClient::OnTransportError - code=2 error=End of file
